<?xml version="1.0" encoding="UTF-8"?>
<!-- Generated by org.testng.reporters.JUnitReportReporter -->
<testsuite hostname="DESKTOP-RV81JHL" failures="0" tests="3" name="com.test.jenstest.LoginTest" time="5.908" errors="0" timestamp="2023-05-23T20:42:15 IST" skipped="0">
  <testcase classname="com.test.jenstest.LoginTest" name="verifyLogoTC03" time="0.004"/>
  <system-out/>
  <testcase classname="com.test.jenstest.LoginTest" name="validLoginTC02" time="3.816"/>
  <system-out/>
  <testcase classname="com.test.jenstest.LoginTest" name="InvalidLoginTC01" time="2.088"/>
  <system-out/>
</testsuite> <!-- com.test.jenstest.LoginTest -->
