<?xml version="1.0" encoding="UTF-8"?>
<!-- Generated by org.testng.reporters.JUnitReportReporter -->
<testsuite hostname="DESKTOP-RV81JHL" failures="0" tests="1" name="com.test.jenslogin.LoginPage" time="0.015" errors="0" timestamp="2023-05-23T19:07:34 IST" skipped="0">
  <testcase classname="com.test.jenslogin.LoginPage" name="testCaseLoginPage" time="0.015"/>
  <system-out/>
</testsuite> <!-- com.test.jenslogin.LoginPage -->
